<?xml version="1.0" encoding="UTF-8"?>
<!-- Generated by org.testng.reporters.JUnitXMLReporter -->
<testsuite hostname="DESKTOP-V1INFC5" ignored="0" name="Test" tests="6" failures="0" timestamp="2020-04-15T01:38:46 CDT" time="0.028" errors="0">
  <testcase name="IOSApps" time="0.003" classname="tahatest.AppiumTest"/>
  <testcase name="NativeAppAndroid" time="0.0" classname="tahatest.AppiumTest"/>
  <testcase name="deleteTwitter" time="0.001" classname="tahatest.RESTApiTest"/>
  <testcase name="postJira" time="0.0" classname="tahatest.RESTApiTest"/>
  <testcase name="BrowserAutomation" time="0.0" classname="tahatest.SeleniumTest"/>
  <testcase name="elementsUi" time="0.0" classname="tahatest.SeleniumTest"/>
</testsuite> <!-- Test -->
